<?xml version="1.0" encoding="UTF-8"?>
<testsuite xmlns:xsi="http://www.w3.org/2001/XMLSchema-instance" xsi:noNamespaceSchemaLocation="https://maven.apache.org/surefire/maven-surefire-plugin/xsd/surefire-test-report-3.0.xsd" version="3.0" name="com.smartchunker.engine.ChunkEngineTest" time="0.136" tests="1" errors="0" skipped="0" failures="0">
  <properties>
[...]
</properties>
  <testcase name="testProcessDirectory" classname="com.smartchunker.engine.ChunkEngineTest" time="0.1">
    <system-out><![CDATA[处理了 2 个文件
生成了 5 个 Chunk
耗时: 59 ms
]]></system-out>
  </testcase>
</testsuite>